<?xml version="1.0" encoding="UTF-8"?>
<testng-results ignored="0" total="3" passed="3" failed="0" skipped="0">
  <reporter-output>
  </reporter-output>
  <suite started-at="2024-02-10T13:23:24 EST" name="Default suite" finished-at="2024-02-10T13:23:37 EST" duration-ms="12095">
    <groups>
      <group name="cucumber">
        <method signature="AbstractTestNGCucumberTests.runScenario(io.cucumber.testng.PickleWrapper,io.cucumber.testng.FeatureWrapper)[pri:0, instance:runner_files.Test_Runner_TestNG@221a3fa4]" name="runScenario" class="io.cucumber.testng.AbstractTestNGCucumberTests"/>
      </group> <!-- cucumber -->
    </groups>
    <test started-at="2024-02-10T13:23:24 EST" name="Default test" finished-at="2024-02-10T13:23:37 EST" duration-ms="12095">
      <class name="runner_files.Test_Runner_TestNG">
        <test-method is-config="true" signature="setUpClass(org.testng.ITestContext)[pri:0, instance:runner_files.Test_Runner_TestNG@221a3fa4]" started-at="2024-02-10T13:23:24 EST" name="setUpClass" finished-at="2024-02-10T13:23:25 EST" duration-ms="431" status="PASS">
          <params>
            <param index="0">
              <value>
                <![CDATA[org.testng.TestRunner@28757abd]]>
              </value>
            </param>
          </params>
          <reporter-output>
          </reporter-output>
        </test-method> <!-- setUpClass -->
        <test-method signature="runScenario(io.cucumber.testng.PickleWrapper,io.cucumber.testng.FeatureWrapper)[pri:0, instance:runner_files.Test_Runner_TestNG@221a3fa4]" started-at="2024-02-10T13:23:25 EST" name="runScenario" description="Runs Cucumber Scenarios" data-provider="scenarios" finished-at="2024-02-10T13:23:29 EST" duration-ms="4427" status="PASS">
          <params>
            <param index="0">
              <value>
                <![CDATA["Search with valid Product"]]>
              </value>
            </param>
            <param index="1">
              <value>
                <![CDATA["SearchProduct functionality of TutorialsNinja"]]>
              </value>
            </param>
          </params>
          <reporter-output>
          </reporter-output>
        </test-method> <!-- runScenario -->
        <test-method signature="runScenario(io.cucumber.testng.PickleWrapper,io.cucumber.testng.FeatureWrapper)[pri:0, instance:runner_files.Test_Runner_TestNG@221a3fa4]" started-at="2024-02-10T13:23:29 EST" name="runScenario" description="Runs Cucumber Scenarios" data-provider="scenarios" finished-at="2024-02-10T13:23:33 EST" duration-ms="3351" status="PASS">
          <params>
            <param index="0">
              <value>
                <![CDATA["Search with invalid Product"]]>
              </value>
            </param>
            <param index="1">
              <value>
                <![CDATA["SearchProduct functionality of TutorialsNinja"]]>
              </value>
            </param>
          </params>
          <reporter-output>
          </reporter-output>
        </test-method> <!-- runScenario -->
        <test-method signature="runScenario(io.cucumber.testng.PickleWrapper,io.cucumber.testng.FeatureWrapper)[pri:0, instance:runner_files.Test_Runner_TestNG@221a3fa4]" started-at="2024-02-10T13:23:33 EST" name="runScenario" description="Runs Cucumber Scenarios" data-provider="scenarios" finished-at="2024-02-10T13:23:36 EST" duration-ms="3822" status="PASS">
          <params>
            <param index="0">
              <value>
                <![CDATA["Search with no Product"]]>
              </value>
            </param>
            <param index="1">
              <value>
                <![CDATA["SearchProduct functionality of TutorialsNinja"]]>
              </value>
            </param>
          </params>
          <reporter-output>
          </reporter-output>
        </test-method> <!-- runScenario -->
        <test-method is-config="true" signature="tearDownClass()[pri:0, instance:runner_files.Test_Runner_TestNG@221a3fa4]" started-at="2024-02-10T13:23:36 EST" name="tearDownClass" finished-at="2024-02-10T13:23:37 EST" duration-ms="36" status="PASS">
          <reporter-output>
          </reporter-output>
        </test-method> <!-- tearDownClass -->
      </class> <!-- runner_files.Test_Runner_TestNG -->
    </test> <!-- Default test -->
  </suite> <!-- Default suite -->
</testng-results>
